{"D:\\A各种代码\\Frontend\\vue3project\\cb-vue\\src\\reactivity\\baseHandlers.ts": {"path":"D:\\A各种代码\\Frontend\\vue3project\\cb-vue\\src\\reactivity\\baseHandlers.ts","statementMap":{"0":{"start":{"line":5,"column":12},"end":{"line":5,"column":26}},"1":{"start":{"line":6,"column":12},"end":{"line":6,"column":26}},"2":{"start":{"line":8,"column":20},"end":{"line":8,"column":38}},"3":{"start":{"line":9,"column":27},"end":{"line":9,"column":50}},"4":{"start":{"line":12,"column":4},"end":{"line":31,"column":5}},"5":{"start":{"line":14,"column":8},"end":{"line":18,"column":9}},"6":{"start":{"line":15,"column":12},"end":{"line":15,"column":30}},"7":{"start":{"line":16,"column":15},"end":{"line":18,"column":9}},"8":{"start":{"line":17,"column":12},"end":{"line":17,"column":29}},"9":{"start":{"line":19,"column":20},"end":{"line":19,"column":43}},"10":{"start":{"line":21,"column":8},"end":{"line":23,"column":9}},"11":{"start":{"line":22,"column":12},"end":{"line":22,"column":22}},"12":{"start":{"line":24,"column":8},"end":{"line":26,"column":9}},"13":{"start":{"line":25,"column":12},"end":{"line":25,"column":61}},"14":{"start":{"line":27,"column":8},"end":{"line":29,"column":9}},"15":{"start":{"line":28,"column":12},"end":{"line":28,"column":29}},"16":{"start":{"line":30,"column":8},"end":{"line":30,"column":18}},"17":{"start":{"line":35,"column":4},"end":{"line":40,"column":5}},"18":{"start":{"line":36,"column":20},"end":{"line":36,"column":47}},"19":{"start":{"line":38,"column":8},"end":{"line":38,"column":27}},"20":{"start":{"line":39,"column":8},"end":{"line":39,"column":18}},"21":{"start":{"line":44,"column":31},"end":{"line":47,"column":1}},"22":{"start":{"line":49,"column":32},"end":{"line":55,"column":1}},"23":{"start":{"line":52,"column":8},"end":{"line":52,"column":79}},"24":{"start":{"line":53,"column":8},"end":{"line":53,"column":19}},"25":{"start":{"line":57,"column":39},"end":{"line":59,"column":2}}},"fnMap":{"0":{"name":"createGetter","decl":{"start":{"line":11,"column":9},"end":{"line":11,"column":21}},"loc":{"start":{"line":11,"column":60},"end":{"line":32,"column":1}},"line":11},"1":{"name":"get","decl":{"start":{"line":12,"column":20},"end":{"line":12,"column":23}},"loc":{"start":{"line":12,"column":36},"end":{"line":31,"column":5}},"line":12},"2":{"name":"createSetter","decl":{"start":{"line":34,"column":9},"end":{"line":34,"column":21}},"loc":{"start":{"line":34,"column":24},"end":{"line":41,"column":1}},"line":34},"3":{"name":"set","decl":{"start":{"line":35,"column":20},"end":{"line":35,"column":23}},"loc":{"start":{"line":35,"column":40},"end":{"line":40,"column":5}},"line":35},"4":{"name":"(anonymous_4)","decl":{"start":{"line":51,"column":4},"end":{"line":51,"column":5}},"loc":{"start":{"line":51,"column":24},"end":{"line":54,"column":5}},"line":51}},"branchMap":{"0":{"loc":{"start":{"line":11,"column":22},"end":{"line":11,"column":40}},"type":"default-arg","locations":[{"start":{"line":11,"column":35},"end":{"line":11,"column":40}}],"line":11},"1":{"loc":{"start":{"line":11,"column":41},"end":{"line":11,"column":58}},"type":"default-arg","locations":[{"start":{"line":11,"column":53},"end":{"line":11,"column":58}}],"line":11},"2":{"loc":{"start":{"line":14,"column":8},"end":{"line":18,"column":9}},"type":"if","locations":[{"start":{"line":14,"column":8},"end":{"line":18,"column":9}},{"start":{"line":16,"column":15},"end":{"line":18,"column":9}}],"line":14},"3":{"loc":{"start":{"line":16,"column":15},"end":{"line":18,"column":9}},"type":"if","locations":[{"start":{"line":16,"column":15},"end":{"line":18,"column":9}},{"start":{},"end":{}}],"line":16},"4":{"loc":{"start":{"line":21,"column":8},"end":{"line":23,"column":9}},"type":"if","locations":[{"start":{"line":21,"column":8},"end":{"line":23,"column":9}},{"start":{},"end":{}}],"line":21},"5":{"loc":{"start":{"line":24,"column":8},"end":{"line":26,"column":9}},"type":"if","locations":[{"start":{"line":24,"column":8},"end":{"line":26,"column":9}},{"start":{},"end":{}}],"line":24},"6":{"loc":{"start":{"line":25,"column":19},"end":{"line":25,"column":61}},"type":"cond-expr","locations":[{"start":{"line":25,"column":32},"end":{"line":25,"column":45}},{"start":{"line":25,"column":48},"end":{"line":25,"column":61}}],"line":25},"7":{"loc":{"start":{"line":27,"column":8},"end":{"line":29,"column":9}},"type":"if","locations":[{"start":{"line":27,"column":8},"end":{"line":29,"column":9}},{"start":{},"end":{}}],"line":27}},"s":{"0":1,"1":1,"2":1,"3":1,"4":3,"5":3,"6":0,"7":3,"8":0,"9":3,"10":3,"11":0,"12":3,"13":0,"14":3,"15":3,"16":3,"17":1,"18":1,"19":1,"20":1,"21":1,"22":1,"23":0,"24":0,"25":1},"f":{"0":3,"1":3,"2":1,"3":1,"4":0},"b":{"0":[1],"1":[2],"2":[0,3],"3":[0,3],"4":[0,3],"5":[0,3],"6":[0,0],"7":[3,0]},"_coverageSchema":"1a1c01bbd47fc00a2c39e90264f33305004495a9","hash":"0cf476e73e7ff5716a5d948dac12dc7395036d44"}
,"D:\\A各种代码\\Frontend\\vue3project\\cb-vue\\src\\reactivity\\effect.ts": {"path":"D:\\A各种代码\\Frontend\\vue3project\\cb-vue\\src\\reactivity\\effect.ts","statementMap":{"0":{"start":{"line":8,"column":11},"end":{"line":8,"column":13}},"1":{"start":{"line":10,"column":13},"end":{"line":10,"column":17}},"2":{"start":{"line":14,"column":8},"end":{"line":14,"column":21}},"3":{"start":{"line":15,"column":8},"end":{"line":15,"column":34}},"4":{"start":{"line":19,"column":8},"end":{"line":21,"column":9}},"5":{"start":{"line":20,"column":12},"end":{"line":20,"column":29}},"6":{"start":{"line":24,"column":8},"end":{"line":24,"column":27}},"7":{"start":{"line":25,"column":8},"end":{"line":25,"column":26}},"8":{"start":{"line":26,"column":23},"end":{"line":26,"column":33}},"9":{"start":{"line":27,"column":8},"end":{"line":27,"column":32}},"10":{"start":{"line":28,"column":8},"end":{"line":28,"column":27}},"11":{"start":{"line":29,"column":8},"end":{"line":29,"column":21}},"12":{"start":{"line":33,"column":8},"end":{"line":39,"column":9}},"13":{"start":{"line":34,"column":12},"end":{"line":34,"column":31}},"14":{"start":{"line":35,"column":12},"end":{"line":37,"column":13}},"15":{"start":{"line":36,"column":16},"end":{"line":36,"column":29}},"16":{"start":{"line":38,"column":12},"end":{"line":38,"column":31}},"17":{"start":{"line":44,"column":4},"end":{"line":44,"column":55}},"18":{"start":{"line":44,"column":37},"end":{"line":44,"column":54}},"19":{"start":{"line":45,"column":4},"end":{"line":45,"column":25}},"20":{"start":{"line":48,"column":18},"end":{"line":48,"column":27}},"21":{"start":{"line":50,"column":4},"end":{"line":52,"column":5}},"22":{"start":{"line":51,"column":8},"end":{"line":51,"column":14}},"23":{"start":{"line":54,"column":18},"end":{"line":54,"column":39}},"24":{"start":{"line":55,"column":4},"end":{"line":58,"column":5}},"25":{"start":{"line":56,"column":8},"end":{"line":56,"column":27}},"26":{"start":{"line":57,"column":8},"end":{"line":57,"column":38}},"27":{"start":{"line":59,"column":14},"end":{"line":59,"column":30}},"28":{"start":{"line":60,"column":4},"end":{"line":63,"column":5}},"29":{"start":{"line":61,"column":8},"end":{"line":61,"column":23}},"30":{"start":{"line":62,"column":8},"end":{"line":62,"column":29}},"31":{"start":{"line":64,"column":4},"end":{"line":64,"column":21}},"32":{"start":{"line":68,"column":4},"end":{"line":68,"column":36}},"33":{"start":{"line":68,"column":30},"end":{"line":68,"column":36}},"34":{"start":{"line":69,"column":4},"end":{"line":69,"column":25}},"35":{"start":{"line":70,"column":4},"end":{"line":70,"column":31}},"36":{"start":{"line":75,"column":4},"end":{"line":75,"column":52}},"37":{"start":{"line":79,"column":18},"end":{"line":79,"column":39}},"38":{"start":{"line":80,"column":14},"end":{"line":80,"column":30}},"39":{"start":{"line":82,"column":4},"end":{"line":82,"column":23}},"40":{"start":{"line":86,"column":4},"end":{"line":92,"column":5}},"41":{"start":{"line":87,"column":8},"end":{"line":91,"column":9}},"42":{"start":{"line":88,"column":12},"end":{"line":88,"column":30}},"43":{"start":{"line":90,"column":12},"end":{"line":90,"column":24}},"44":{"start":{"line":97,"column":20},"end":{"line":97,"column":60}},"45":{"start":{"line":100,"column":4},"end":{"line":100,"column":28}},"46":{"start":{"line":102,"column":4},"end":{"line":102,"column":17}},"47":{"start":{"line":104,"column":24},"end":{"line":104,"column":49}},"48":{"start":{"line":105,"column":4},"end":{"line":105,"column":27}},"49":{"start":{"line":107,"column":4},"end":{"line":107,"column":17}},"50":{"start":{"line":111,"column":4},"end":{"line":111,"column":24}}},"fnMap":{"0":{"name":"(anonymous_0)","decl":{"start":{"line":13,"column":4},"end":{"line":13,"column":5}},"loc":{"start":{"line":13,"column":42},"end":{"line":16,"column":5}},"line":13},"1":{"name":"(anonymous_1)","decl":{"start":{"line":17,"column":4},"end":{"line":17,"column":5}},"loc":{"start":{"line":17,"column":10},"end":{"line":30,"column":5}},"line":17},"2":{"name":"(anonymous_2)","decl":{"start":{"line":31,"column":4},"end":{"line":31,"column":5}},"loc":{"start":{"line":31,"column":11},"end":{"line":40,"column":5}},"line":31},"3":{"name":"cleanupEffect","decl":{"start":{"line":43,"column":9},"end":{"line":43,"column":22}},"loc":{"start":{"line":43,"column":30},"end":{"line":46,"column":1}},"line":43},"4":{"name":"(anonymous_4)","decl":{"start":{"line":44,"column":23},"end":{"line":44,"column":24}},"loc":{"start":{"line":44,"column":37},"end":{"line":44,"column":54}},"line":44},"5":{"name":"track","decl":{"start":{"line":49,"column":16},"end":{"line":49,"column":21}},"loc":{"start":{"line":49,"column":35},"end":{"line":65,"column":1}},"line":49},"6":{"name":"trackEffects","decl":{"start":{"line":67,"column":16},"end":{"line":67,"column":28}},"loc":{"start":{"line":67,"column":34},"end":{"line":71,"column":1}},"line":67},"7":{"name":"isTracking","decl":{"start":{"line":74,"column":16},"end":{"line":74,"column":26}},"loc":{"start":{"line":74,"column":29},"end":{"line":76,"column":1}},"line":74},"8":{"name":"trigger","decl":{"start":{"line":78,"column":16},"end":{"line":78,"column":23}},"loc":{"start":{"line":78,"column":36},"end":{"line":83,"column":1}},"line":78},"9":{"name":"triggerEffects","decl":{"start":{"line":85,"column":16},"end":{"line":85,"column":30}},"loc":{"start":{"line":85,"column":36},"end":{"line":93,"column":1}},"line":85},"10":{"name":"effect","decl":{"start":{"line":95,"column":16},"end":{"line":95,"column":22}},"loc":{"start":{"line":95,"column":46},"end":{"line":108,"column":1}},"line":95},"11":{"name":"stop","decl":{"start":{"line":110,"column":16},"end":{"line":110,"column":20}},"loc":{"start":{"line":110,"column":28},"end":{"line":112,"column":1}},"line":110}},"branchMap":{"0":{"loc":{"start":{"line":19,"column":8},"end":{"line":21,"column":9}},"type":"if","locations":[{"start":{"line":19,"column":8},"end":{"line":21,"column":9}},{"start":{},"end":{}}],"line":19},"1":{"loc":{"start":{"line":33,"column":8},"end":{"line":39,"column":9}},"type":"if","locations":[{"start":{"line":33,"column":8},"end":{"line":39,"column":9}},{"start":{},"end":{}}],"line":33},"2":{"loc":{"start":{"line":35,"column":12},"end":{"line":37,"column":13}},"type":"if","locations":[{"start":{"line":35,"column":12},"end":{"line":37,"column":13}},{"start":{},"end":{}}],"line":35},"3":{"loc":{"start":{"line":50,"column":4},"end":{"line":52,"column":5}},"type":"if","locations":[{"start":{"line":50,"column":4},"end":{"line":52,"column":5}},{"start":{},"end":{}}],"line":50},"4":{"loc":{"start":{"line":55,"column":4},"end":{"line":58,"column":5}},"type":"if","locations":[{"start":{"line":55,"column":4},"end":{"line":58,"column":5}},{"start":{},"end":{}}],"line":55},"5":{"loc":{"start":{"line":60,"column":4},"end":{"line":63,"column":5}},"type":"if","locations":[{"start":{"line":60,"column":4},"end":{"line":63,"column":5}},{"start":{},"end":{}}],"line":60},"6":{"loc":{"start":{"line":68,"column":4},"end":{"line":68,"column":36}},"type":"if","locations":[{"start":{"line":68,"column":4},"end":{"line":68,"column":36}},{"start":{},"end":{}}],"line":68},"7":{"loc":{"start":{"line":75,"column":11},"end":{"line":75,"column":52}},"type":"binary-expr","locations":[{"start":{"line":75,"column":11},"end":{"line":75,"column":22}},{"start":{"line":75,"column":26},"end":{"line":75,"column":52}}],"line":75},"8":{"loc":{"start":{"line":87,"column":8},"end":{"line":91,"column":9}},"type":"if","locations":[{"start":{"line":87,"column":8},"end":{"line":91,"column":9}},{"start":{"line":89,"column":14},"end":{"line":91,"column":9}}],"line":87},"9":{"loc":{"start":{"line":95,"column":27},"end":{"line":95,"column":44}},"type":"default-arg","locations":[{"start":{"line":95,"column":42},"end":{"line":95,"column":44}}],"line":95}},"s":{"0":2,"1":2,"2":2,"3":2,"4":4,"5":0,"6":4,"7":4,"8":4,"9":4,"10":4,"11":4,"12":0,"13":0,"14":0,"15":0,"16":0,"17":0,"18":0,"19":0,"20":1,"21":3,"22":1,"23":2,"24":2,"25":1,"26":1,"27":2,"28":2,"29":1,"30":1,"31":2,"32":6,"33":3,"34":3,"35":3,"36":15,"37":1,"38":1,"39":1,"40":3,"41":2,"42":0,"43":2,"44":2,"45":2,"46":2,"47":2,"48":2,"49":2,"50":0},"f":{"0":2,"1":4,"2":0,"3":0,"4":0,"5":3,"6":6,"7":15,"8":1,"9":3,"10":2,"11":0},"b":{"0":[0,4],"1":[0,0],"2":[0,0],"3":[1,2],"4":[1,1],"5":[1,1],"6":[3,3],"7":[15,6],"8":[0,2],"9":[2]},"_coverageSchema":"1a1c01bbd47fc00a2c39e90264f33305004495a9","hash":"e8209c03445b43def1d3e54a2b561352f3eb5ec4"}
,"D:\\A各种代码\\Frontend\\vue3project\\cb-vue\\src\\reactivity\\reactive.ts": {"path":"D:\\A各种代码\\Frontend\\vue3project\\cb-vue\\src\\reactivity\\reactive.ts","statementMap":{"0":{"start":{"line":10,"column":4},"end":{"line":10,"column":52}},"1":{"start":{"line":14,"column":4},"end":{"line":14,"column":53}},"2":{"start":{"line":18,"column":4},"end":{"line":18,"column":60}},"3":{"start":{"line":22,"column":4},"end":{"line":25,"column":5}},"4":{"start":{"line":23,"column":8},"end":{"line":23,"column":48}},"5":{"start":{"line":24,"column":8},"end":{"line":24,"column":21}},"6":{"start":{"line":26,"column":4},"end":{"line":26,"column":42}},"7":{"start":{"line":31,"column":4},"end":{"line":31,"column":45}},"8":{"start":{"line":35,"column":4},"end":{"line":35,"column":45}},"9":{"start":{"line":40,"column":4},"end":{"line":40,"column":49}}},"fnMap":{"0":{"name":"reactive","decl":{"start":{"line":9,"column":16},"end":{"line":9,"column":24}},"loc":{"start":{"line":9,"column":29},"end":{"line":11,"column":1}},"line":9},"1":{"name":"readonly","decl":{"start":{"line":13,"column":16},"end":{"line":13,"column":24}},"loc":{"start":{"line":13,"column":30},"end":{"line":15,"column":1}},"line":13},"2":{"name":"shallowReadonly","decl":{"start":{"line":17,"column":16},"end":{"line":17,"column":31}},"loc":{"start":{"line":17,"column":37},"end":{"line":19,"column":1}},"line":17},"3":{"name":"createReactiveObject","decl":{"start":{"line":21,"column":9},"end":{"line":21,"column":29}},"loc":{"start":{"line":21,"column":56},"end":{"line":27,"column":1}},"line":21},"4":{"name":"isReactive","decl":{"start":{"line":29,"column":16},"end":{"line":29,"column":26}},"loc":{"start":{"line":29,"column":39},"end":{"line":32,"column":1}},"line":29},"5":{"name":"isReadonly","decl":{"start":{"line":34,"column":16},"end":{"line":34,"column":26}},"loc":{"start":{"line":34,"column":39},"end":{"line":36,"column":1}},"line":34},"6":{"name":"isProxy","decl":{"start":{"line":39,"column":16},"end":{"line":39,"column":23}},"loc":{"start":{"line":39,"column":30},"end":{"line":41,"column":1}},"line":39}},"branchMap":{"0":{"loc":{"start":{"line":22,"column":4},"end":{"line":25,"column":5}},"type":"if","locations":[{"start":{"line":22,"column":4},"end":{"line":25,"column":5}},{"start":{},"end":{}}],"line":22},"1":{"loc":{"start":{"line":40,"column":11},"end":{"line":40,"column":49}},"type":"binary-expr","locations":[{"start":{"line":40,"column":11},"end":{"line":40,"column":28}},{"start":{"line":40,"column":32},"end":{"line":40,"column":49}}],"line":40}},"s":{"0":3,"1":0,"2":0,"3":3,"4":0,"5":0,"6":3,"7":0,"8":0,"9":0},"f":{"0":3,"1":0,"2":0,"3":3,"4":0,"5":0,"6":0},"b":{"0":[0,3],"1":[0,0]},"_coverageSchema":"1a1c01bbd47fc00a2c39e90264f33305004495a9","hash":"090f8ebca41c5323a8c9860f1d087887b1334428"}
,"D:\\A各种代码\\Frontend\\vue3project\\cb-vue\\src\\reactivity\\ref.ts": {"path":"D:\\A各种代码\\Frontend\\vue3project\\cb-vue\\src\\reactivity\\ref.ts","statementMap":{"0":{"start":{"line":11,"column":23},"end":{"line":11,"column":27}},"1":{"start":{"line":14,"column":8},"end":{"line":14,"column":30}},"2":{"start":{"line":15,"column":8},"end":{"line":15,"column":36}},"3":{"start":{"line":17,"column":8},"end":{"line":17,"column":28}},"4":{"start":{"line":20,"column":8},"end":{"line":20,"column":27}},"5":{"start":{"line":21,"column":8},"end":{"line":21,"column":26}},"6":{"start":{"line":25,"column":8},"end":{"line":29,"column":9}},"7":{"start":{"line":26,"column":12},"end":{"line":26,"column":35}},"8":{"start":{"line":27,"column":12},"end":{"line":27,"column":41}},"9":{"start":{"line":28,"column":12},"end":{"line":28,"column":36}},"10":{"start":{"line":34,"column":4},"end":{"line":34,"column":46}},"11":{"start":{"line":38,"column":4},"end":{"line":40,"column":5}},"12":{"start":{"line":39,"column":8},"end":{"line":39,"column":29}},"13":{"start":{"line":44,"column":4},"end":{"line":44,"column":29}},"14":{"start":{"line":50,"column":4},"end":{"line":50,"column":25}},"15":{"start":{"line":54,"column":4},"end":{"line":54,"column":39}},"16":{"start":{"line":58,"column":4},"end":{"line":70,"column":6}},"17":{"start":{"line":60,"column":8},"end":{"line":60,"column":45}},"18":{"start":{"line":64,"column":8},"end":{"line":68,"column":9}},"19":{"start":{"line":65,"column":12},"end":{"line":65,"column":46}},"20":{"start":{"line":67,"column":12},"end":{"line":67,"column":48}}},"fnMap":{"0":{"name":"(anonymous_0)","decl":{"start":{"line":12,"column":4},"end":{"line":12,"column":5}},"loc":{"start":{"line":12,"column":22},"end":{"line":18,"column":5}},"line":12},"1":{"name":"(anonymous_1)","decl":{"start":{"line":19,"column":4},"end":{"line":19,"column":5}},"loc":{"start":{"line":19,"column":16},"end":{"line":22,"column":5}},"line":19},"2":{"name":"(anonymous_2)","decl":{"start":{"line":24,"column":4},"end":{"line":24,"column":5}},"loc":{"start":{"line":24,"column":22},"end":{"line":30,"column":5}},"line":24},"3":{"name":"convert","decl":{"start":{"line":33,"column":9},"end":{"line":33,"column":16}},"loc":{"start":{"line":33,"column":22},"end":{"line":35,"column":1}},"line":33},"4":{"name":"trackRefValue","decl":{"start":{"line":37,"column":9},"end":{"line":37,"column":22}},"loc":{"start":{"line":37,"column":37},"end":{"line":41,"column":1}},"line":37},"5":{"name":"ref","decl":{"start":{"line":43,"column":16},"end":{"line":43,"column":19}},"loc":{"start":{"line":43,"column":26},"end":{"line":45,"column":1}},"line":43},"6":{"name":"isRef","decl":{"start":{"line":49,"column":16},"end":{"line":49,"column":21}},"loc":{"start":{"line":49,"column":27},"end":{"line":51,"column":1}},"line":49},"7":{"name":"unRef","decl":{"start":{"line":53,"column":16},"end":{"line":53,"column":21}},"loc":{"start":{"line":53,"column":26},"end":{"line":55,"column":1}},"line":53},"8":{"name":"proxyRefs","decl":{"start":{"line":57,"column":16},"end":{"line":57,"column":25}},"loc":{"start":{"line":57,"column":42},"end":{"line":71,"column":1}},"line":57},"9":{"name":"(anonymous_9)","decl":{"start":{"line":59,"column":6},"end":{"line":59,"column":7}},"loc":{"start":{"line":59,"column":21},"end":{"line":61,"column":7}},"line":59},"10":{"name":"(anonymous_10)","decl":{"start":{"line":63,"column":6},"end":{"line":63,"column":7}},"loc":{"start":{"line":63,"column":27},"end":{"line":69,"column":7}},"line":63}},"branchMap":{"0":{"loc":{"start":{"line":25,"column":8},"end":{"line":29,"column":9}},"type":"if","locations":[{"start":{"line":25,"column":8},"end":{"line":29,"column":9}},{"start":{},"end":{}}],"line":25},"1":{"loc":{"start":{"line":34,"column":11},"end":{"line":34,"column":46}},"type":"cond-expr","locations":[{"start":{"line":34,"column":27},"end":{"line":34,"column":40}},{"start":{"line":34,"column":43},"end":{"line":34,"column":46}}],"line":34},"2":{"loc":{"start":{"line":38,"column":4},"end":{"line":40,"column":5}},"type":"if","locations":[{"start":{"line":38,"column":4},"end":{"line":40,"column":5}},{"start":{},"end":{}}],"line":38},"3":{"loc":{"start":{"line":54,"column":11},"end":{"line":54,"column":39}},"type":"cond-expr","locations":[{"start":{"line":54,"column":24},"end":{"line":54,"column":33}},{"start":{"line":54,"column":36},"end":{"line":54,"column":39}}],"line":54},"4":{"loc":{"start":{"line":64,"column":8},"end":{"line":68,"column":9}},"type":"if","locations":[{"start":{"line":64,"column":8},"end":{"line":68,"column":9}},{"start":{"line":66,"column":14},"end":{"line":68,"column":9}}],"line":64},"5":{"loc":{"start":{"line":64,"column":11},"end":{"line":64,"column":46}},"type":"binary-expr","locations":[{"start":{"line":64,"column":11},"end":{"line":64,"column":29}},{"start":{"line":64,"column":33},"end":{"line":64,"column":46}}],"line":64}},"s":{"0":7,"1":7,"2":7,"3":7,"4":12,"5":12,"6":3,"7":2,"8":2,"9":2,"10":9,"11":12,"12":4,"13":7,"14":13,"15":6,"16":1,"17":4,"18":2,"19":1,"20":1},"f":{"0":7,"1":12,"2":3,"3":9,"4":12,"5":7,"6":13,"7":6,"8":1,"9":4,"10":2},"b":{"0":[2,1],"1":[1,8],"2":[4,8],"3":[4,2],"4":[1,1],"5":[2,2]},"_coverageSchema":"1a1c01bbd47fc00a2c39e90264f33305004495a9","hash":"1d05eb02a7f72d891be42ceaabfa5cac7c719da5"}
,"D:\\A各种代码\\Frontend\\vue3project\\cb-vue\\src\\shared\\index.ts": {"path":"D:\\A各种代码\\Frontend\\vue3project\\cb-vue\\src\\shared\\index.ts","statementMap":{"0":{"start":{"line":1,"column":22},"end":{"line":1,"column":35}},"1":{"start":{"line":3,"column":24},"end":{"line":5,"column":1}},"2":{"start":{"line":4,"column":4},"end":{"line":4,"column":50}},"3":{"start":{"line":7,"column":26},"end":{"line":9,"column":1}},"4":{"start":{"line":8,"column":4},"end":{"line":8,"column":33}},"5":{"start":{"line":10,"column":22},"end":{"line":10,"column":81}},"6":{"start":{"line":10,"column":36},"end":{"line":10,"column":81}},"7":{"start":{"line":13,"column":24},"end":{"line":17,"column":1}},"8":{"start":{"line":14,"column":4},"end":{"line":16,"column":6}},"9":{"start":{"line":15,"column":8},"end":{"line":15,"column":39}},"10":{"start":{"line":18,"column":19},"end":{"line":20,"column":1}},"11":{"start":{"line":19,"column":4},"end":{"line":19,"column":53}},"12":{"start":{"line":21,"column":28},"end":{"line":23,"column":1}},"13":{"start":{"line":22,"column":4},"end":{"line":22,"column":44}}},"fnMap":{"0":{"name":"(anonymous_0)","decl":{"start":{"line":3,"column":24},"end":{"line":3,"column":25}},"loc":{"start":{"line":3,"column":33},"end":{"line":5,"column":1}},"line":3},"1":{"name":"(anonymous_1)","decl":{"start":{"line":7,"column":26},"end":{"line":7,"column":27}},"loc":{"start":{"line":7,"column":42},"end":{"line":9,"column":1}},"line":7},"2":{"name":"(anonymous_2)","decl":{"start":{"line":10,"column":22},"end":{"line":10,"column":23}},"loc":{"start":{"line":10,"column":36},"end":{"line":10,"column":81}},"line":10},"3":{"name":"(anonymous_3)","decl":{"start":{"line":13,"column":24},"end":{"line":13,"column":25}},"loc":{"start":{"line":13,"column":33},"end":{"line":17,"column":1}},"line":13},"4":{"name":"(anonymous_4)","decl":{"start":{"line":14,"column":32},"end":{"line":14,"column":33}},"loc":{"start":{"line":14,"column":48},"end":{"line":16,"column":5}},"line":14},"5":{"name":"(anonymous_5)","decl":{"start":{"line":18,"column":19},"end":{"line":18,"column":20}},"loc":{"start":{"line":18,"column":35},"end":{"line":20,"column":1}},"line":18},"6":{"name":"(anonymous_6)","decl":{"start":{"line":21,"column":28},"end":{"line":21,"column":29}},"loc":{"start":{"line":21,"column":44},"end":{"line":23,"column":1}},"line":21}},"branchMap":{"0":{"loc":{"start":{"line":4,"column":11},"end":{"line":4,"column":50}},"type":"binary-expr","locations":[{"start":{"line":4,"column":11},"end":{"line":4,"column":23}},{"start":{"line":4,"column":27},"end":{"line":4,"column":50}}],"line":4},"1":{"loc":{"start":{"line":15,"column":15},"end":{"line":15,"column":39}},"type":"cond-expr","locations":[{"start":{"line":15,"column":19},"end":{"line":15,"column":34}},{"start":{"line":15,"column":37},"end":{"line":15,"column":39}}],"line":15},"2":{"loc":{"start":{"line":22,"column":11},"end":{"line":22,"column":44}},"type":"cond-expr","locations":[{"start":{"line":22,"column":17},"end":{"line":22,"column":39}},{"start":{"line":22,"column":42},"end":{"line":22,"column":44}}],"line":22}},"s":{"0":1,"1":1,"2":15,"3":1,"4":3,"5":1,"6":0,"7":1,"8":0,"9":0,"10":1,"11":0,"12":1,"13":0},"f":{"0":15,"1":3,"2":0,"3":0,"4":0,"5":0,"6":0},"b":{"0":[15,15],"1":[0,0],"2":[0,0]},"_coverageSchema":"1a1c01bbd47fc00a2c39e90264f33305004495a9","hash":"c4e98bd4af9c5ea7d80f79817373627909a43bd9"}
}
