TN:
SF:src\reactivity\baseHandlers.ts
FN:11,createGetter
FN:12,get
FN:34,createSetter
FN:35,set
FN:51,(anonymous_4)
FNF:5
FNH:4
FNDA:3,createGetter
FNDA:3,get
FNDA:1,createSetter
FNDA:1,set
FNDA:0,(anonymous_4)
DA:5,1
DA:6,1
DA:8,1
DA:9,1
DA:12,3
DA:14,3
DA:15,0
DA:16,3
DA:17,0
DA:19,3
DA:21,3
DA:22,0
DA:24,3
DA:25,0
DA:27,3
DA:28,3
DA:30,3
DA:35,1
DA:36,1
DA:38,1
DA:39,1
DA:44,1
DA:49,1
DA:52,0
DA:53,0
DA:57,1
LF:26
LH:20
BRDA:11,0,0,1
BRDA:11,1,0,2
BRDA:14,2,0,0
BRDA:14,2,1,3
BRDA:16,3,0,0
BRDA:16,3,1,3
BRDA:21,4,0,0
BRDA:21,4,1,3
BRDA:24,5,0,0
BRDA:24,5,1,3
BRDA:25,6,0,0
BRDA:25,6,1,0
BRDA:27,7,0,3
BRDA:27,7,1,0
BRF:14
BRH:7
end_of_record
TN:
SF:src\reactivity\effect.ts
FN:13,(anonymous_0)
FN:17,(anonymous_1)
FN:31,(anonymous_2)
FN:43,cleanupEffect
FN:44,(anonymous_4)
FN:49,track
FN:67,trackEffects
FN:74,isTracking
FN:78,trigger
FN:85,triggerEffects
FN:95,effect
FN:110,stop
FNF:12
FNH:8
FNDA:2,(anonymous_0)
FNDA:4,(anonymous_1)
FNDA:0,(anonymous_2)
FNDA:0,cleanupEffect
FNDA:0,(anonymous_4)
FNDA:3,track
FNDA:6,trackEffects
FNDA:15,isTracking
FNDA:1,trigger
FNDA:3,triggerEffects
FNDA:2,effect
FNDA:0,stop
DA:8,2
DA:10,2
DA:14,2
DA:15,2
DA:19,4
DA:20,0
DA:24,4
DA:25,4
DA:26,4
DA:27,4
DA:28,4
DA:29,4
DA:33,0
DA:34,0
DA:35,0
DA:36,0
DA:38,0
DA:44,0
DA:45,0
DA:48,1
DA:50,3
DA:51,1
DA:54,2
DA:55,2
DA:56,1
DA:57,1
DA:59,2
DA:60,2
DA:61,1
DA:62,1
DA:64,2
DA:68,6
DA:69,3
DA:70,3
DA:75,15
DA:79,1
DA:80,1
DA:82,1
DA:86,3
DA:87,2
DA:88,0
DA:90,2
DA:97,2
DA:100,2
DA:102,2
DA:104,2
DA:105,2
DA:107,2
DA:111,0
LF:49
LH:39
BRDA:19,0,0,0
BRDA:19,0,1,4
BRDA:33,1,0,0
BRDA:33,1,1,0
BRDA:35,2,0,0
BRDA:35,2,1,0
BRDA:50,3,0,1
BRDA:50,3,1,2
BRDA:55,4,0,1
BRDA:55,4,1,1
BRDA:60,5,0,1
BRDA:60,5,1,1
BRDA:68,6,0,3
BRDA:68,6,1,3
BRDA:75,7,0,15
BRDA:75,7,1,6
BRDA:87,8,0,0
BRDA:87,8,1,2
BRDA:95,9,0,2
BRF:19
BRH:13
end_of_record
TN:
SF:src\reactivity\reactive.ts
FN:9,reactive
FN:13,readonly
FN:17,shallowReadonly
FN:21,createReactiveObject
FN:29,isReactive
FN:34,isReadonly
FN:39,isProxy
FNF:7
FNH:2
FNDA:3,reactive
FNDA:0,readonly
FNDA:0,shallowReadonly
FNDA:3,createReactiveObject
FNDA:0,isReactive
FNDA:0,isReadonly
FNDA:0,isProxy
DA:10,3
DA:14,0
DA:18,0
DA:22,3
DA:23,0
DA:24,0
DA:26,3
DA:31,0
DA:35,0
DA:40,0
LF:10
LH:3
BRDA:22,0,0,0
BRDA:22,0,1,3
BRDA:40,1,0,0
BRDA:40,1,1,0
BRF:4
BRH:1
end_of_record
TN:
SF:src\reactivity\ref.ts
FN:12,(anonymous_0)
FN:19,(anonymous_1)
FN:24,(anonymous_2)
FN:33,convert
FN:37,trackRefValue
FN:43,ref
FN:49,isRef
FN:53,unRef
FN:57,proxyRefs
FN:59,(anonymous_9)
FN:63,(anonymous_10)
FNF:11
FNH:11
FNDA:7,(anonymous_0)
FNDA:12,(anonymous_1)
FNDA:3,(anonymous_2)
FNDA:9,convert
FNDA:12,trackRefValue
FNDA:7,ref
FNDA:13,isRef
FNDA:6,unRef
FNDA:1,proxyRefs
FNDA:4,(anonymous_9)
FNDA:2,(anonymous_10)
DA:11,7
DA:14,7
DA:15,7
DA:17,7
DA:20,12
DA:21,12
DA:25,3
DA:26,2
DA:27,2
DA:28,2
DA:34,9
DA:38,12
DA:39,4
DA:44,7
DA:50,13
DA:54,6
DA:58,1
DA:60,4
DA:64,2
DA:65,1
DA:67,1
LF:21
LH:21
BRDA:25,0,0,2
BRDA:25,0,1,1
BRDA:34,1,0,1
BRDA:34,1,1,8
BRDA:38,2,0,4
BRDA:38,2,1,8
BRDA:54,3,0,4
BRDA:54,3,1,2
BRDA:64,4,0,1
BRDA:64,4,1,1
BRDA:64,5,0,2
BRDA:64,5,1,2
BRF:12
BRH:12
end_of_record
TN:
SF:src\shared\index.ts
FN:3,(anonymous_0)
FN:7,(anonymous_1)
FN:10,(anonymous_2)
FN:13,(anonymous_3)
FN:14,(anonymous_4)
FN:18,(anonymous_5)
FN:21,(anonymous_6)
FNF:7
FNH:2
FNDA:15,(anonymous_0)
FNDA:3,(anonymous_1)
FNDA:0,(anonymous_2)
FNDA:0,(anonymous_3)
FNDA:0,(anonymous_4)
FNDA:0,(anonymous_5)
FNDA:0,(anonymous_6)
DA:1,1
DA:3,1
DA:4,15
DA:7,1
DA:8,3
DA:10,1
DA:13,1
DA:14,0
DA:15,0
DA:18,1
DA:19,0
DA:21,1
DA:22,0
LF:13
LH:9
BRDA:4,0,0,15
BRDA:4,0,1,15
BRDA:15,1,0,0
BRDA:15,1,1,0
BRDA:22,2,0,0
BRDA:22,2,1,0
BRF:6
BRH:2
end_of_record
